<?xml version="1.0" encoding="UTF-8"?>
<testng-results skipped="0" failed="0" total="1" passed="1">
  <reporter-output>
  </reporter-output>
  <suite name="Default suite" duration-ms="16097" started-at="2020-03-02T12:06:32Z" finished-at="2020-03-02T12:06:49Z">
    <groups>
    </groups>
    <test name="Default test" duration-ms="16097" started-at="2020-03-02T12:06:32Z" finished-at="2020-03-02T12:06:49Z">
      <class name="com.api.testScripts.FetchAllCountryTest">
        <test-method status="PASS" signature="configBS()[pri:0, instance:com.api.testScripts.FetchAllCountryTest@23ceabc1]" name="configBS" is-config="true" duration-ms="0" started-at="2020-03-02T17:36:32Z" finished-at="2020-03-02T17:36:32Z">
          <reporter-output>
          </reporter-output>
        </test-method> <!-- configBS -->
        <test-method status="PASS" signature="getCountryDetails()[pri:0, instance:com.api.testScripts.FetchAllCountryTest@23ceabc1]" name="getCountryDetails" duration-ms="16082" started-at="2020-03-02T17:36:33Z" finished-at="2020-03-02T17:36:49Z">
          <reporter-output>
          </reporter-output>
        </test-method> <!-- getCountryDetails -->
      </class> <!-- com.api.testScripts.FetchAllCountryTest -->
    </test> <!-- Default test -->
  </suite> <!-- Default suite -->
</testng-results>
